
> angular-word-game@0.0.0 build /home/kumirei/Documents/GitHub/word-game/apps/client/angular
> ng build

Node.js version v21.7.3 detected.
Odd numbered Node.js versions will not enter LTS status and should not be used for production. For more information, please see https://nodejs.org/en/about/previous-releases/.
[36m⠋[39m Building...
[2K[1G[1A[2K[1G[36m⠙[39m Building...
[2K[1G[1A[2K[1G[36m⠹[39m Building...
[2K[1G[1A[2K[1G[36m⠸[39m Building...
[2K[1G[1A[2K[1G[36m⠼[39m Building...
[2K[1G[1A[2K[1G[36m⠴[39m Building...
[2K[1G[1A[2K[1G[36m⠦[39m Building...
[2K[1G[1A[2K[1G[36m⠧[39m Building...
[2K[1G[1A[2K[1G[36m⠇[39m Building...
[2K[1G[1A[2K[1G[36m⠏[39m Building...
[2K[1G[1A[2K[1G[36m⠋[39m Building...
[2K[1G[1A[2K[1G[36m⠙[39m Building...
[2K[1G[1A[2K[1G[36m⠹[39m Building...
[2K[1G[1A[2K[1G[36m⠸[39m Building...
[2K[1G[1A[2K[1G[36m⠼[39m Building...
[2K[1G[1A[2K[1G[36m⠴[39m Building...
[2K[1G[1A[2K[1G[36m⠦[39m Building...
[2K[1G[1A[2K[1G[36m⠧[39m Building...
[2K[1G[1A[2K[1G[36m⠇[39m Building...
[2K[1G[1A[2K[1G[36m⠏[39m Building...
[2K[1G[1A[2K[1G[36m⠋[39m Building...
[2K[1G[1A[2K[1G[36m⠙[39m Building...
[2K[1G[1A[2K[1G[36m⠹[39m Building...
[2K[1G[1A[2K[1G[36m⠸[39m Building...
[2K[1G[1A[2K[1G[36m⠼[39m Building...
[2K[1G[1A[2K[1G[36m⠴[39m Building...
[2K[1G[1A[2K[1G[36m⠦[39m Building...
[2K[1G[1A[2K[1G[36m⠧[39m Building...
[2K[1G[1A[2K[1G[36m⠇[39m Building...
[2K[1G[1A[2K[1G[36m⠏[39m Building...
[2K[1G[1A[2K[1G[36m⠋[39m Building...
[2K[1G[1A[2K[1G[36m⠙[39m Building...
[2K[1G[1A[2K[1G[36m⠹[39m Building...
[2K[1G[1A[2K[1G[36m⠸[39m Building...
[2K[1G[1A[2K[1G[36m⠼[39m Building...
[2K[1G[1A[2K[1G[36m⠴[39m Building...
[2K[1G[1A[2K[1G[36m⠦[39m Building...
[2K[1G[1A[2K[1G[36m⠧[39m Building...
[2K[1G[1A[2K[1G[36m⠇[39m Building...
[2K[1G[1A[2K[1G[36m⠏[39m Building...
[2K[1G[1A[2K[1G[36m⠋[39m Building...
[2K[1G[1A[2K[1G[36m⠙[39m Building...
[2K[1G[1A[2K[1G[36m⠹[39m Building...
[2K[1G[1A[2K[1G[36m⠸[39m Building...
[2K[1G[1A[2K[1G[36m⠼[39m Building...
[2K[1G[1A[2K[1G[36m⠴[39m Building...
[2K[1G[1A[2K[1G[36m⠦[39m Building...
[2K[1G[1A[2K[1G[36m⠧[39m Building...
[2K[1G[1A[2K[1G[1mInitial chunk files[22m  [2m | [22m[1mNames[22m        [2m | [22m [1mRaw size[22m[2m | [22m[1mEstimated transfer size[22m
[32mmain-5HDLI3P6.js[39m     [2m | [22m[2mmain[22m         [2m | [22m[36m240.03 kB[39m[2m | [22m               [36m67.46 kB[39m
[32mstyles-FFBUZPTM.css[39m  [2m | [22m[2mstyles[22m       [2m | [22m[36m302 bytes[39m[2m | [22m              [36m302 bytes[39m
[32mpolyfills-PJGX3BAA.js[39m[2m | [22m[2mpolyfills[22m    [2m | [22m  [36m0 bytes[39m[2m | [22m                [36m0 bytes[39m

[1m [22m                    [2m | [22m[1mInitial total[22m[2m | [22m[1m240.33 kB[22m[2m | [22m               [1m67.77 kB[22m

Output location: /home/kumirei/Documents/GitHub/word-game/apps/client/angular/dist/word-game

Application bundle generation complete. [4.041 seconds]

[1m[33m[33m▲ [43;33m[[43;30mWARNING[43;33m][0m [1msrc/components/game/game.component.less exceeded maximum budget. Budget 2.05 kB was not met by 282 bytes with a total of 2.33 kB.[0m[39m[22m
[1m[33m[39m[22m
[1m[33m[39m[22m
